


Mon Jul  8 10:06:37 UTC 2019
waiting 80 seconds to get rt-driver up
Oven Temp started
PING 192.168.1.1 (192.168.1.1) 56(84) bytes of data.
From 169.254.178.128 icmp_seq=1 Destination Host Unreachable

--- 192.168.1.1 ping statistics ---
1 packets transmitted, 0 received, +1 errors, 100% packet loss, time 0ms

fail 1
WLAN0 not UP...
RFKILL seems to be off
going to while
upsetting WLAN0...
PING 192.168.1.1 (192.168.1.1) 56(84) bytes of data.

--- 192.168.1.1 ping statistics ---
1 packets transmitted, 0 received, +1 errors, 100% packet loss, time 0ms

PING 192.168.1.1 (192.168.1.1) 56(84) bytes of data.
From 169.254.178.128 icmp_seq=1 Destination Host Unreachable

--- 192.168.1.1 ping statistics ---
1 packets transmitted, 0 received, +1 errors, 100% packet loss, time 0ms

fail 1
WLAN0 still not UP ... retrying 1
upsetting WLAN0...
PING 192.168.1.1 (192.168.1.1) 56(84) bytes of data.
64 bytes from 192.168.1.1: icmp_seq=1 ttl=64 time=3.17 ms

--- 192.168.1.1 ping statistics ---
1 packets transmitted, 1 received, 0% packet loss, time 0ms
rtt min/avg/max/mdev = 3.175/3.175/3.175/0.000 ms
success 0
got WLAN0 UP
pinging 192.168.1.1 succeeded
target temperature 100
Temperature  0, cycle 1
#Target temp 100, limits 100 ... 100
#Enabling heater
Temperature  0, cycle 2
#Target temp 100, limits 100 ... 100
#Enabling heater
Temperature  0, cycle 3
#Target temp 100, limits 100 ... 100
#Enabling heater
Temperature  0, cycle 4
#Target temp 100, limits 100 ... 100
#Enabling heater
Temperature  0, cycle 5
#Target temp 100, limits 100 ... 100
#Enabling heater
Temperature  0, cycle 6
#Target temp 100, limits 100 ... 100
#Enabling heater
Temperature  0, cycle 7
#Target temp 100, limits 100 ... 100
#Enabling heater
Temperature  0, cycle 8
#Target temp 100, limits 100 ... 100
#Enabling heater
Temperature  0, cycle 9
#Target temp 100, limits 100 ... 100
#Enabling heater
Temperature  0, cycle 10
#Target temp 100, limits 100 ... 100
#Enabling heater
Temperature  0, cycle 11
#Target temp 100, limits 100 ... 100
#Enabling heater
Temperature  0, cycle 12
#Target temp 100, limits 100 ... 100
#Enabling heater
Temperature  0, cycle 13
#Target temp 100, limits 100 ... 100
#Enabling heater
Temperature  0, cycle 14
#Target temp 100, limits 100 ... 100
#Enabling heater
Temperature  0, cycle 15
#Target temp 100, limits 100 ... 100
#Enabling heater
Temperature  0, cycle 16
#Target temp 100, limits 100 ... 100
#Enabling heater
Temperature  0, cycle 17
#Target temp 100, limits 100 ... 100
#Enabling heater
Temperature  0, cycle 18
#Target temp 100, limits 100 ... 100
#Enabling heater
Temperature  0, cycle 19
#Target temp 100, limits 100 ... 100
#Enabling heater
Temperature  0, cycle 20
#Target temp 100, limits 100 ... 100
#Enabling heater
Temperature  0, cycle 21
#Target temp 100, limits 100 ... 100
#Enabling heater
Temperature  0, cycle 22
#Target temp 100, limits 100 ... 100
#Enabling heater
Temperature  0, cycle 23
#Target temp 100, limits 100 ... 100
#Enabling heater
Temperature  0, cycle 24
#Target temp 100, limits 100 ... 100
#Enabling heater
Temperature  0, cycle 25
#Target temp 100, limits 100 ... 100
#Enabling heater
Temperature  0, cycle 26
#Target temp 100, limits 100 ... 100
#Enabling heater
Temperature  0, cycle 27
#Target temp 100, limits 100 ... 100
#Enabling heater
Temperature  0, cycle 28
#Target temp 100, limits 100 ... 100
#Enabling heater
Temperature  0, cycle 29
#Target temp 100, limits 100 ... 100
#Enabling heater
Temperature  0, cycle 30
#Target temp 100, limits 100 ... 100
#Enabling heater
Temperature  0, cycle 31
#Target temp 100, limits 100 ... 100
#Enabling heater
Temperature  0, cycle 32
#Target temp 100, limits 100 ... 100
#Enabling heater
Temperature  0, cycle 33
#Target temp 100, limits 100 ... 100
#Enabling heater
Temperature  0, cycle 34
#Target temp 100, limits 100 ... 100
#Enabling heater
Temperature  0, cycle 35
#Target temp 100, limits 100 ... 100
#Enabling heater
Temperature  0, cycle 36
#Target temp 100, limits 100 ... 100
#Enabling heater
Temperature  0, cycle 37
#Target temp 100, limits 100 ... 100
#Enabling heater
Temperature  0, cycle 38
#Target temp 100, limits 100 ... 100
#Enabling heater
Temperature  0, cycle 39
#Target temp 100, limits 100 ... 100
#Enabling heater
Temperature  0, cycle 40
#Target temp 100, limits 100 ... 100
#Enabling heater
Temperature  0, cycle 41
#Target temp 100, limits 100 ... 100
#Enabling heater
Temperature  0, cycle 42
#Target temp 100, limits 100 ... 100
#Enabling heater
Temperature  0, cycle 43
#Target temp 100, limits 100 ... 100
#Enabling heater
Temperature  0, cycle 44
#Target temp 100, limits 100 ... 100
#Enabling heater
Temperature  0, cycle 45
#Target temp 100, limits 100 ... 100
#Enabling heater
Temperature  0, cycle 46
#Target temp 100, limits 100 ... 100
#Enabling heater
Temperature  0, cycle 47
#Target temp 100, limits 100 ... 100
#Enabling heater
Temperature  0, cycle 48
#Target temp 100, limits 100 ... 100
#Enabling heater
Temperature  0, cycle 49
#Target temp 100, limits 100 ... 100
#Enabling heater
Temperature  0, cycle 50
#Target temp 100, limits 100 ... 100
#Enabling heater
Temperature  0, cycle 51
#Target temp 100, limits 100 ... 100
#Enabling heater
Temperature  0, cycle 52
#Target temp 100, limits 100 ... 100
#Enabling heater
Temperature  0, cycle 53
#Target temp 100, limits 100 ... 100
#Enabling heater
Temperature  0, cycle 54
#Target temp 100, limits 100 ... 100
#Enabling heater
Temperature  0, cycle 55
#Target temp 100, limits 100 ... 100
#Enabling heater
Temperature  0, cycle 56
#Target temp 100, limits 100 ... 100
#Enabling heater
Temperature  0, cycle 57
#Target temp 100, limits 100 ... 100
#Enabling heater
Temperature  0, cycle 58
#Target temp 100, limits 100 ... 100
#Enabling heater
Temperature  0, cycle 59
#Target temp 100, limits 100 ... 100
#Enabling heater
Temperature  0, cycle 60
#Target temp 100, limits 100 ... 100
#Enabling heater
Temperature  0, cycle 61
#Target temp 100, limits 100 ... 100
#Enabling heater
Temperature  0, cycle 62
#Target temp 100, limits 100 ... 100
#Enabling heater
Temperature  0, cycle 63
#Target temp 100, limits 100 ... 100
#Enabling heater
Temperature  0, cycle 64
#Target temp 100, limits 100 ... 100
#Enabling heater
Temperature  0, cycle 65
#Target temp 100, limits 100 ... 100
#Enabling heater
Temperature  0, cycle 66
#Target temp 100, limits 100 ... 100
#Enabling heater
Temperature  0, cycle 67
#Target temp 100, limits 100 ... 100
#Enabling heater
Temperature  0, cycle 68
#Target temp 100, limits 100 ... 100
#Enabling heater
Temperature  0, cycle 69
#Target temp 100, limits 100 ... 100
#Enabling heater
Temperature  0, cycle 70
#Target temp 100, limits 100 ... 100
#Enabling heater
Temperature  0, cycle 71
#Target temp 100, limits 100 ... 100
#Enabling heater
Temperature  0, cycle 72
#Target temp 100, limits 100 ... 100
#Enabling heater
Temperature  0, cycle 73
#Target temp 100, limits 100 ... 100
#Enabling heater
Temperature  0, cycle 74
#Target temp 100, limits 100 ... 100
#Enabling heater
Temperature  0, cycle 75
#Target temp 100, limits 100 ... 100
#Enabling heater
Temperature  0, cycle 76
#Target temp 100, limits 100 ... 100
#Enabling heater
Temperature  0, cycle 77
#Target temp 100, limits 100 ... 100
#Enabling heater
Temperature  0, cycle 78
#Target temp 100, limits 100 ... 100
#Enabling heater
Temperature  0, cycle 79
#Target temp 100, limits 100 ... 100
#Enabling heater
Temperature  0, cycle 80
#Target temp 100, limits 100 ... 100
#Enabling heater
Temperature  0, cycle 81
#Target temp 100, limits 100 ... 100
#Enabling heater
Temperature  0, cycle 82
#Target temp 100, limits 100 ... 100
#Enabling heater
Temperature  0, cycle 83
#Target temp 100, limits 100 ... 100
#Enabling heater
Temperature  0, cycle 84
#Target temp 100, limits 100 ... 100
#Enabling heater
Temperature  0, cycle 85
#Target temp 100, limits 100 ... 100
#Enabling heater
Temperature  0, cycle 86
#Target temp 100, limits 100 ... 100
#Enabling heater
Temperature  0, cycle 87
#Target temp 100, limits 100 ... 100
#Enabling heater
Temperature  0, cycle 88
#Target temp 100, limits 100 ... 100
#Enabling heater
Temperature  0, cycle 89
#Target temp 100, limits 100 ... 100
#Enabling heater
Temperature  0, cycle 90
#Target temp 100, limits 100 ... 100
#Enabling heater
Temperature  0, cycle 91
#Target temp 100, limits 100 ... 100
#Enabling heater
Temperature  0, cycle 92
#Target temp 100, limits 100 ... 100
#Enabling heater
Temperature  0, cycle 93
#Target temp 100, limits 100 ... 100
#Enabling heater
Temperature  0, cycle 94
#Target temp 100, limits 100 ... 100
#Enabling heater
Temperature  0, cycle 95
#Target temp 100, limits 100 ... 100
#Enabling heater
Temperature  0, cycle 96
#Target temp 100, limits 100 ... 100
#Enabling heater
Temperature  0, cycle 97
#Target temp 100, limits 100 ... 100
#Enabling heater
Temperature  0, cycle 98
#Target temp 100, limits 100 ... 100
#Enabling heater
Temperature  0, cycle 99
#Target temp 100, limits 100 ... 100
#Enabling heater
Temperature  0, cycle 100
#Target temp 100, limits 100 ... 100
#Enabling heater
Temperature  0, cycle 101
#Target temp 100, limits 100 ... 100
#Enabling heater
Temperature  0, cycle 102
#Target temp 100, limits 100 ... 100
#Enabling heater
Temperature  0, cycle 103
#Target temp 100, limits 100 ... 100
#Enabling heater
Temperature  0, cycle 104
#Target temp 100, limits 100 ... 100
#Enabling heater
Temperature  0, cycle 105
#Target temp 100, limits 100 ... 100
#Enabling heater
Temperature  0, cycle 106
#Target temp 100, limits 100 ... 100
#Enabling heater
Temperature  0, cycle 107
#Target temp 100, limits 100 ... 100
#Enabling heater
Temperature  0, cycle 108
#Target temp 100, limits 100 ... 100
#Enabling heater
Temperature  0, cycle 109
#Target temp 100, limits 100 ... 100
#Enabling heater
Temperature  0, cycle 110
#Target temp 100, limits 100 ... 100
#Enabling heater
Temperature  0, cycle 111
#Target temp 100, limits 100 ... 100
#Enabling heater
Temperature  0, cycle 112
#Target temp 100, limits 100 ... 100
#Enabling heater
Temperature  0, cycle 113
#Target temp 100, limits 100 ... 100
#Enabling heater
Temperature  0, cycle 114
#Target temp 100, limits 100 ... 100
#Enabling heater
Temperature  0, cycle 115
#Target temp 100, limits 100 ... 100
#Enabling heater
Temperature  0, cycle 116
#Target temp 100, limits 100 ... 100
#Enabling heater
Temperature  0, cycle 117
#Target temp 100, limits 100 ... 100
#Enabling heater
Temperature  0, cycle 118
#Target temp 100, limits 100 ... 100
#Enabling heater
Temperature  0, cycle 119
#Target temp 100, limits 100 ... 100
#Enabling heater
Temperature  0, cycle 120
#Target temp 100, limits 100 ... 100
#Enabling heater
Temperature  0, cycle 121
#Target temp 100, limits 100 ... 100
#Enabling heater
Temperature  0, cycle 122
#Target temp 100, limits 100 ... 100
#Enabling heater
Temperature  0, cycle 123
#Target temp 100, limits 100 ... 100
#Enabling heater
Temperature  0, cycle 124
#Target temp 100, limits 100 ... 100
#Enabling heater
Temperature  0, cycle 125
#Target temp 100, limits 100 ... 100
#Enabling heater
Temperature  0, cycle 126
#Target temp 100, limits 100 ... 100
#Enabling heater
Temperature  0, cycle 127
#Target temp 100, limits 100 ... 100
#Enabling heater
Temperature  0, cycle 128
#Target temp 100, limits 100 ... 100
#Enabling heater
Temperature  0, cycle 129
#Target temp 100, limits 100 ... 100
#Enabling heater
Temperature  0, cycle 130
#Target temp 100, limits 100 ... 100
#Enabling heater
Temperature  0, cycle 131
#Target temp 100, limits 100 ... 100
#Enabling heater
Temperature  0, cycle 132
#Target temp 100, limits 100 ... 100
#Enabling heater
Temperature  0, cycle 133
#Target temp 100, limits 100 ... 100
#Enabling heater
Temperature  0, cycle 134
#Target temp 100, limits 100 ... 100
#Enabling heater
Temperature  0, cycle 135
#Target temp 100, limits 100 ... 100
#Enabling heater
Temperature  0, cycle 136
#Target temp 100, limits 100 ... 100
#Enabling heater
Temperature  0, cycle 137
#Target temp 100, limits 100 ... 100
#Enabling heater
Temperature  0, cycle 138
#Target temp 100, limits 100 ... 100
#Enabling heater
Temperature  0, cycle 139
#Target temp 100, limits 100 ... 100
#Enabling heater
Temperature  0, cycle 140
#Target temp 100, limits 100 ... 100
#Enabling heater
Temperature  0, cycle 141
#Target temp 100, limits 100 ... 100
#Enabling heater
Temperature  0, cycle 142
#Target temp 100, limits 100 ... 100
#Enabling heater
Temperature  0, cycle 143
#Target temp 100, limits 100 ... 100
#Enabling heater
Temperature  0, cycle 144
#Target temp 100, limits 100 ... 100
#Enabling heater
Temperature  0, cycle 145
#Target temp 100, limits 100 ... 100
#Enabling heater
Temperature  0, cycle 146
#Target temp 100, limits 100 ... 100
#Enabling heater
